<?xml version="1.0" encoding="UTF-8"?>
<testsuites>
  <testsuite name="/var/lib/www/remp-cloud/Web/www/plugins/content-paste-analyzer/phpunit.xml" tests="10" assertions="10" errors="0" failures="0" skipped="0" time="0.503116">
    <testsuite name="Application Test Suite" tests="10" assertions="10" errors="0" failures="0" skipped="0" time="0.503116">
      <testsuite name="Digilopment\Cpa\Tests\ContentValidatorTest" file="/var/lib/www/remp-cloud/Web/www/plugins/content-paste-analyzer/tests/ContentValidatorTest.php" tests="5" assertions="5" errors="0" failures="0" skipped="0" time="0.001168">
        <testsuite name="Digilopment\Cpa\Tests\ContentValidatorTest::testHtmlFile" tests="5" assertions="5" errors="0" failures="0" skipped="0" time="0.001168">
          <testcase name="testHtmlFile with data set #0" file="/var/lib/www/remp-cloud/Web/www/plugins/content-paste-analyzer/tests/ContentValidatorTest.php" line="16" class="Digilopment\Cpa\Tests\ContentValidatorTest" classname="Digilopment.Cpa.Tests.ContentValidatorTest" assertions="1" time="0.000458"/>
          <testcase name="testHtmlFile with data set #1" file="/var/lib/www/remp-cloud/Web/www/plugins/content-paste-analyzer/tests/ContentValidatorTest.php" line="16" class="Digilopment\Cpa\Tests\ContentValidatorTest" classname="Digilopment.Cpa.Tests.ContentValidatorTest" assertions="1" time="0.000205"/>
          <testcase name="testHtmlFile with data set #2" file="/var/lib/www/remp-cloud/Web/www/plugins/content-paste-analyzer/tests/ContentValidatorTest.php" line="16" class="Digilopment\Cpa\Tests\ContentValidatorTest" classname="Digilopment.Cpa.Tests.ContentValidatorTest" assertions="1" time="0.000177"/>
          <testcase name="testHtmlFile with data set #3" file="/var/lib/www/remp-cloud/Web/www/plugins/content-paste-analyzer/tests/ContentValidatorTest.php" line="16" class="Digilopment\Cpa\Tests\ContentValidatorTest" classname="Digilopment.Cpa.Tests.ContentValidatorTest" assertions="1" time="0.000164"/>
          <testcase name="testHtmlFile with data set #4" file="/var/lib/www/remp-cloud/Web/www/plugins/content-paste-analyzer/tests/ContentValidatorTest.php" line="16" class="Digilopment\Cpa\Tests\ContentValidatorTest" classname="Digilopment.Cpa.Tests.ContentValidatorTest" assertions="1" time="0.000165"/>
        </testsuite>
      </testsuite>
      <testsuite name="Digilopment\Cpa\Tests\PhpCompatibilityTest" file="/var/lib/www/remp-cloud/Web/www/plugins/content-paste-analyzer/tests/PhpCompatibilityTest.php" tests="5" assertions="5" errors="0" failures="0" skipped="0" time="0.501948">
        <testcase name="testPhpCompatibility80" file="/var/lib/www/remp-cloud/Web/www/plugins/content-paste-analyzer/tests/PhpCompatibilityTest.php" line="21" class="Digilopment\Cpa\Tests\PhpCompatibilityTest" classname="Digilopment.Cpa.Tests.PhpCompatibilityTest" assertions="1" time="0.100462"/>
        <testcase name="testPhpCompatibility81" file="/var/lib/www/remp-cloud/Web/www/plugins/content-paste-analyzer/tests/PhpCompatibilityTest.php" line="27" class="Digilopment\Cpa\Tests\PhpCompatibilityTest" classname="Digilopment.Cpa.Tests.PhpCompatibilityTest" assertions="1" time="0.100330"/>
        <testcase name="testPhpCompatibility82" file="/var/lib/www/remp-cloud/Web/www/plugins/content-paste-analyzer/tests/PhpCompatibilityTest.php" line="33" class="Digilopment\Cpa\Tests\PhpCompatibilityTest" classname="Digilopment.Cpa.Tests.PhpCompatibilityTest" assertions="1" time="0.100856"/>
        <testcase name="testPhpCompatibility83" file="/var/lib/www/remp-cloud/Web/www/plugins/content-paste-analyzer/tests/PhpCompatibilityTest.php" line="39" class="Digilopment\Cpa\Tests\PhpCompatibilityTest" classname="Digilopment.Cpa.Tests.PhpCompatibilityTest" assertions="1" time="0.101222"/>
        <testcase name="testPhpCompatibility84" file="/var/lib/www/remp-cloud/Web/www/plugins/content-paste-analyzer/tests/PhpCompatibilityTest.php" line="45" class="Digilopment\Cpa\Tests\PhpCompatibilityTest" classname="Digilopment.Cpa.Tests.PhpCompatibilityTest" assertions="1" time="0.099078"/>
      </testsuite>
    </testsuite>
  </testsuite>
</testsuites>
